<?xml version="1.0" encoding="UTF-8"?>
<!-- Generated by org.testng.reporters.JUnitReportReporter -->
<testsuite hostname="BDC8-L-3V1GKW2" failures="0" tests="1" name="Campaign.Campaign" time="15.842" errors="0" timestamp="2023-02-24T11:24:18 IST" skipped="0">
  <testcase classname="Campaign.Campaign" name="campaign" time="15.842"/>
  <system-out/>
</testsuite> <!-- Campaign.Campaign -->
