<?xml version="1.0" encoding="UTF-8"?>
<!-- Generated by org.testng.reporters.JUnitReportReporter -->
<testsuite hostname="BDC8-L-3V1GKW2" failures="0" tests="1" name="Organization.CreateOrg" time="15.721" errors="0" timestamp="2023-02-24T11:20:26 IST" skipped="0">
  <testcase classname="Organization.CreateOrg" name="createOrg" time="15.721"/>
  <system-out/>
</testsuite> <!-- Organization.CreateOrg -->
