<?xml version="1.0" encoding="UTF-8"?>
<!-- Generated by org.testng.reporters.JUnitReportReporter -->
<testsuite hostname="BDC8-L-3V1GKW2" failures="0" tests="1" name="Organization.CreateOrgTest" time="20.385" errors="0" timestamp="2023-03-01T13:52:00 IST" skipped="0">
  <testcase classname="Organization.CreateOrgTest" name="createOrg" time="20.385"/>
  <system-out/>
</testsuite> <!-- Organization.CreateOrgTest -->
