<?xml version="1.0" encoding="UTF-8"?>
<!-- Generated by org.testng.reporters.JUnitReportReporter -->
<testsuite hostname="BDC8-L-3V1GKW2" failures="0" tests="1" name="Pa2.HardAssert" time="0.014" errors="0" timestamp="2023-02-27T17:52:33 IST" skipped="0">
  <testcase classname="Pa2.HardAssert" name="create" time="0.014"/>
  <system-out/>
</testsuite> <!-- Pa2.HardAssert -->
