<?xml version="1.0" encoding="UTF-8"?>
<!-- Generated by org.testng.reporters.JUnitReportReporter -->
<testsuite hostname="BDC8-L-3V1GKW2" failures="0" tests="1" name="Contact.Contact1" time="15.678" errors="0" timestamp="2023-02-24T11:19:42 IST" skipped="0">
  <testcase classname="Contact.Contact1" name="contact1" time="15.678"/>
  <system-out/>
</testsuite> <!-- Contact.Contact1 -->
