<?xml version="1.0" encoding="UTF-8"?>
<!-- Generated by org.testng.reporters.JUnitReportReporter -->
<testsuite hostname="BDC8-L-3V1GKW2" failures="0" tests="5" name="Pa2.DataProviderTest" time="0.025" errors="0" timestamp="2023-02-24T11:01:35 IST" skipped="0">
  <testcase classname="Pa2.DataProviderTest" name="bookTicket" time="0.017"/>
  <system-out/>
  <testcase classname="Pa2.DataProviderTest" name="bookTicket" time="0.002"/>
  <system-out/>
  <testcase classname="Pa2.DataProviderTest" name="bookTicket" time="0.002"/>
  <system-out/>
  <testcase classname="Pa2.DataProviderTest" name="bookTicket" time="0.002"/>
  <system-out/>
  <testcase classname="Pa2.DataProviderTest" name="bookTicket" time="0.002"/>
  <system-out/>
</testsuite> <!-- Pa2.DataProviderTest -->
