<?xml version="1.0" encoding="UTF-8"?>
<!-- Generated by org.testng.reporters.JUnitReportReporter -->
<testsuite hostname="BDC8-L-3V1GKW2" failures="0" tests="2" name="Pa2.Softassert" time="0.016" errors="0" timestamp="2023-02-28T16:35:08 IST" skipped="0">
  <testcase classname="Pa2.Softassert" name="createContact" time="0.014"/>
  <system-out/>
  <testcase classname="Pa2.Softassert" name="modifycontact" time="0.002"/>
  <system-out/>
</testsuite> <!-- Pa2.Softassert -->
