<?xml version="1.0" encoding="UTF-8"?>
<!-- Generated by org.testng.reporters.JUnitReportReporter -->
<testsuite hostname="BDC8-L-3V1GKW2" failures="0" tests="2" name="Contact.Contact1Test" time="22.686" errors="0" timestamp="2023-02-25T16:40:00 IST" skipped="0">
  <testcase classname="Contact.Contact1Test" name="contact1" time="15.364"/>
  <system-out/>
  <testcase classname="Contact.Contact1Test" name="AdditionalTest" time="7.322"/>
  <system-out/>
</testsuite> <!-- Contact.Contact1Test -->
