<?xml version="1.0" encoding="UTF-8"?>
<!-- Generated by org.testng.reporters.JUnitReportReporter -->
<testsuite hostname="BDC8-L-3V1GKW2" failures="0" tests="1" name="Product.Product1Test" time="20.178" errors="0" timestamp="2023-02-27T16:41:32 IST" skipped="0">
  <testcase classname="Product.Product1Test" name="product1Test" time="20.178"/>
  <system-out/>
</testsuite> <!-- Product.Product1Test -->
