<?xml version="1.0" encoding="UTF-8"?>
<!-- Generated by org.testng.reporters.JUnitReportReporter -->
<testsuite hostname="BDC8-L-3V1GKW2" failures="0" tests="3" name="Pa2.TestNgPratice" time="0.022" errors="0" timestamp="2023-02-22T15:38:12 IST" skipped="0">
  <testcase classname="Pa2.TestNgPratice" name="modify" time="0.017"/>
  <system-out/>
  <testcase classname="Pa2.TestNgPratice" name="delete" time="0.002"/>
  <system-out/>
  <testcase classname="Pa2.TestNgPratice" name="create" time="0.003"/>
  <system-out/>
</testsuite> <!-- Pa2.TestNgPratice -->
